[2019-04-24 13:21:29,588] ERROR in run: Отсутствует шаблон локального файла настроек.
[2019-04-24 13:21:55,765] INFO in run: Launched: application 2019-04-24 13:21:55.765710
[2019-04-24 13:21:55,862] ERROR in run: cannot import name 'get_models'
[2019-04-24 13:23:14,448] INFO in run: Launched: application 2019-04-24 13:23:14.448588
[2019-04-24 13:23:14,498] ERROR in run: cannot import name 'get_models'
[2019-04-24 13:35:41,070] INFO in run: Launched: application 2019-04-24 13:35:41.070072
[2019-04-24 13:35:41,173] ERROR in run: cannot import name 'DB'
[2019-04-24 13:36:43,805] INFO in run: Launched: application 2019-04-24 13:36:43.805087
[2019-04-24 13:36:43,852] ERROR in run: cannot import name 'DB'
[2019-04-24 13:37:03,451] INFO in run: Launched: application 2019-04-24 13:37:03.451606
[2019-04-24 13:37:17,665] INFO in run: Launched: application 2019-04-24 13:37:17.665618
[2019-04-24 13:39:28,079] INFO in run: Launched: application 2019-04-24 13:39:28.078786
[2019-04-24 13:39:56,309] INFO in run: Launched: application 2019-04-24 13:39:56.309651
[2019-04-24 13:41:01,482] ERROR in run: cannot import name 'DB'
[2019-04-24 13:41:05,958] INFO in run: Launched: application 2019-04-24 13:41:05.958607
[2019-04-24 13:45:47,172] INFO in run: Launched: application 2019-04-24 13:45:47.172205
[2019-04-24 13:45:47,268] ERROR in run: 'ConstructApp' object has no attribute 'DB'
[2019-04-24 13:47:02,840] INFO in run: Launched: application 2019-04-24 13:47:02.840007
[2019-04-24 13:47:02,891] ERROR in run: 'ConstructApp' object has no attribute 'DB'
[2019-04-24 13:47:20,543] INFO in run: Launched: application 2019-04-24 13:47:20.542710
[2019-04-24 13:47:55,301] INFO in run: Launched: application 2019-04-24 13:47:55.301272
[2019-04-24 13:47:55,348] ERROR in run: 'ConstructApp' object has no attribute 'DB'
[2019-04-24 13:52:07,682] INFO in run: Launched: application 2019-04-24 13:52:07.682261
[2019-04-24 13:52:07,732] ERROR in run: 'ConstructApp' object has no attribute 'DB'
[2019-04-24 13:52:42,774] INFO in run: Launched: application 2019-04-24 13:52:42.773794
[2019-04-24 13:54:35,166] INFO in run: Launched: application 2019-04-24 13:54:35.166479
[2019-04-24 13:57:02,024] INFO in run: Launched: application 2019-04-24 13:57:02.024668
[2019-04-24 13:57:02,123] ERROR in run: 'ConstructApp' object has no attribute 'DB'
[2019-04-24 14:06:49,496] INFO in run: Launched: application 2019-04-24 14:06:49.496705
[2019-04-24 14:06:49,719] ERROR in run: 'ConstructApp' object has no attribute 'DB'
[2019-04-24 14:08:03,681] INFO in run: Launched: application 2019-04-24 14:08:03.681557
[2019-04-24 14:08:03,947] ERROR in run: cannot import name 'CertificateCourse'
[2019-04-24 14:09:23,805] INFO in run: Launched: application 2019-04-24 14:09:23.805877
[2019-04-24 14:09:42,381] ERROR in run: cannot import name 'CertificateCourse'
[2019-04-24 14:10:10,396] INFO in run: Launched: application 2019-04-24 14:10:10.396889
[2019-04-24 14:10:10,616] ERROR in run: cannot import name 'CertificateCourse'
[2019-04-24 14:11:27,778] INFO in run: Launched: application 2019-04-24 14:11:27.778503
[2019-04-24 14:11:27,930] ERROR in run: cannot import name 'CertificateCourse'
[2019-04-24 14:11:44,533] INFO in run: Launched: application 2019-04-24 14:11:44.532980
[2019-04-24 14:11:44,680] ERROR in run: cannot import name 'CertificateCourse'
[2019-04-24 14:12:53,313] INFO in run: Launched: application 2019-04-24 14:12:53.313092
[2019-04-24 14:12:53,498] ERROR in run: cannot import name 'CertificateCourse'
[2019-04-24 14:17:37,809] INFO in run: Launched: application 2019-04-24 14:17:37.809470
[2019-04-24 14:17:58,980] ERROR in run: cannot import name 'CertificateCourse'
[2019-04-24 14:18:01,545] INFO in run: Launched: application 2019-04-24 14:18:01.545317
[2019-04-24 14:19:16,484] INFO in run: Launched: application 2019-04-24 14:19:16.484682
[2019-04-24 14:19:17,685] ERROR in run: problem in extensions.api_1 - ModuleNotFoundError: No module named 'flask_restful'
[2019-04-24 14:23:12,705] INFO in run: Launched: application 2019-04-24 14:23:12.705645
[2019-04-24 14:23:13,746] INFO in run: Launched: application 2019-04-24 14:23:13.746277
[2019-04-24 16:59:00,777] INFO in run: Launched: application 2019-04-24 16:59:00.777750
[2019-04-24 16:59:01,867] INFO in run: Launched: application 2019-04-24 16:59:01.867412
[2019-04-24 17:00:05,869] INFO in run: Launched: application 2019-04-24 17:00:05.869634
[2019-04-24 17:02:47,944] INFO in run: Launched: application 2019-04-24 17:02:47.944213
[2019-04-24 17:04:04,077] INFO in run: Launched: application 2019-04-24 17:04:04.077291
[2019-04-24 17:04:04,133] ERROR in run: expected an indented block (certificate.py, line 92)
[2019-04-24 17:06:45,006] INFO in run: Launched: application 2019-04-24 17:06:45.006498
[2019-04-24 17:06:46,006] INFO in run: Launched: application 2019-04-24 17:06:46.006798
[2019-04-24 17:08:28,416] INFO in run: Launched: application 2019-04-24 17:08:28.416065
[2019-04-24 18:22:20,526] INFO in run: Launched: application 2019-04-24 18:22:20.526317
[2019-04-24 18:22:36,044] ERROR in run: invalid syntax (certificate.py, line 64)
[2019-04-24 19:11:40,771] INFO in run: Launched: application 2019-04-24 19:11:40.771256
[2019-04-24 19:11:44,408] ERROR in run: cannot import name 'CertificateCourse'
[2019-04-24 19:13:38,155] INFO in run: Launched: application 2019-04-24 19:13:38.155267
[2019-04-24 19:13:41,360] ERROR in run: cannot import name 'CertificateCourse'
[2019-04-24 19:20:34,932] INFO in run: Launched: application 2019-04-24 19:20:34.932048
[2019-04-24 19:20:37,277] ERROR in run: cannot import name 'CertificateCourse'
[2019-04-24 19:20:53,428] INFO in run: Launched: application 2019-04-24 19:20:53.428533
[2019-04-24 19:27:28,476] INFO in run: Launched: application 2019-04-24 19:27:28.476897
[2019-04-24 19:27:33,798] ERROR in run: cannot import name 'CertificateCourse'
[2019-04-24 19:28:05,201] INFO in run: Launched: application 2019-04-24 19:28:05.201414
[2019-04-24 19:28:09,305] ERROR in run: cannot import name 'CertificateCourse'
[2019-04-24 19:30:01,977] INFO in run: Launched: application 2019-04-24 19:30:01.977362
[2019-04-24 19:30:07,099] ERROR in run: cannot import name 'CertificateCourse'
[2019-04-24 19:31:16,074] INFO in run: Launched: application 2019-04-24 19:31:16.074954
[2019-04-24 19:31:19,087] INFO in run: Launched: application 2019-04-24 19:31:19.087374
[2019-04-24 20:02:52,953] INFO in run: Launched: application 2019-04-24 20:02:52.953764
[2019-04-24 20:02:55,008] INFO in run: Launched: application 2019-04-24 20:02:55.008819
[2019-04-24 20:02:56,833] INFO in run: Launched: application 2019-04-24 20:02:56.833450
[2019-04-24 23:42:23,378] INFO in run: Launched: application 2019-04-24 23:42:23.378538
[2019-04-24 23:56:31,351] INFO in run: Launched: application 2019-04-24 23:56:31.351455
